<?xml version="1.0" encoding="UTF-8"?>
<!-- Generated by org.testng.reporters.JUnitXMLReporter -->
<testsuite ignored="1" hostname="Deetshanas-MacBook-Pro-2.local" failures="0" tests="1" name="Default test" time="62.665" errors="0" timestamp="2023-12-01T09:40:52 PST">
  <testcase classname="selenium.Juiceshop_Register" name="login" time="62.648"/>
  <testcase classname="selenium.Juiceshop_Register" name="register" time="0.0">
    <ignored/>
  </testcase> <!-- register -->
</testsuite> <!-- Default test -->
