<?xml version="1.0" encoding="UTF-8"?>
<testng-results ignored="0" total="1" passed="1" failed="0" skipped="0">
  <reporter-output>
  </reporter-output>
  <suite started-at="2023-12-01T09:39:49 PST" name="Default suite" finished-at="2023-12-01T09:40:52 PST" duration-ms="62665">
    <groups>
    </groups>
    <test started-at="2023-12-01T09:39:49 PST" name="Default test" finished-at="2023-12-01T09:40:52 PST" duration-ms="62665">
      <class name="selenium.Juiceshop_Register">
        <test-method signature="login()[pri:0, instance:selenium.Juiceshop_Register@30ee2816]" started-at="2023-12-01T09:39:49 PST" name="login" finished-at="2023-12-01T09:40:52 PST" duration-ms="62648" status="PASS">
          <reporter-output>
          </reporter-output>
        </test-method> <!-- login -->
      </class> <!-- selenium.Juiceshop_Register -->
    </test> <!-- Default test -->
  </suite> <!-- Default suite -->
</testng-results>
